[1/6] Linking C executable zephyr/zephyr_pre0.elf
FAILED: zephyr/zephyr_pre0.elf zephyr/zephyr_pre0.map /home/bobna/csse4011/project/sisyphus-red/build/zephyr/zephyr_pre0.map 
: && ccache /home/bobna/zephyr_install/zephyr-sdk-0.17.0/arm-zephyr-eabi/bin/arm-zephyr-eabi-gcc  -gdwarf-4 zephyr/CMakeFiles/zephyr_pre0.dir/misc/empty_file.c.obj -o zephyr/zephyr_pre0.elf  zephyr/CMakeFiles/offsets.dir/./arch/arm/core/offsets/offsets.c.obj  -T  zephyr/linker_zephyr_pre0.cmd  -Wl,-Map=/home/bobna/csse4011/project/sisyphus-red/build/zephyr/zephyr_pre0.map  -Wl,--whole-archive  app/libapp.a  zephyr/libzephyr.a  zephyr/arch/common/libarch__common.a  zephyr/arch/arch/arm/core/libarch__arm__core.a  zephyr/arch/arch/arm/core/cortex_m/libarch__arm__core__cortex_m.a  zephyr/arch/arch/arm/core/mpu/libarch__arm__core__mpu.a  zephyr/lib/libc/picolibc/liblib__libc__picolibc.a  zephyr/lib/libc/common/liblib__libc__common.a  zephyr/lib/posix/options/liblib__posix__options.a  zephyr/lib/net_buf/liblib__net_buf.a  zephyr/soc/soc/nrf52840/libsoc__nordic.a  zephyr/subsys/random/libsubsys__random.a  zephyr/subsys/bluetooth/common/libsubsys__bluetooth__common.a  zephyr/subsys/bluetooth/host/libsubsys__bluetooth__host.a  zephyr/subsys/bluetooth/controller/libsubsys__bluetooth__controller.a  zephyr/subsys/bluetooth/controller/ll_sw/nordic/libsubsys__bluetooth__controller__ll_sw__nordic.a  zephyr/drivers/clock_control/libdrivers__clock_control.a  zephyr/drivers/console/libdrivers__console.a  zephyr/drivers/entropy/libdrivers__entropy.a  zephyr/drivers/gpio/libdrivers__gpio.a  zephyr/drivers/pinctrl/libdrivers__pinctrl.a  zephyr/drivers/pwm/libdrivers__pwm.a  zephyr/drivers/serial/libdrivers__serial.a  zephyr/drivers/timer/libdrivers__timer.a  modules/hal_nordic/nrfx/libmodules__hal_nordic__nrfx.a  -Wl,--no-whole-archive  zephyr/kernel/libkernel.a  -L/home/bobna/csse4011/project/sisyphus-red/build/zephyr  zephyr/arch/common/libisr_tables.a  -mcpu=cortex-m4  -mthumb  -mabi=aapcs  -mfp16-format=ieee  -mtp=soft  -fuse-ld=bfd  -Wl,--gc-sections  -Wl,--build-id=none  -Wl,--sort-common=descending  -Wl,--sort-section=alignment  -Wl,-u,_OffsetAbsSyms  -Wl,-u,_ConfigAbsSyms  -nostdlib  -static  -Wl,-X  -Wl,-N  -Wl,--orphan-handling=warn  -Wl,-no-pie  -specs=picolibc.specs  -DPICOLIBC_LONG_LONG_PRINTF_SCANF -L"/home/bobna/zephyr_install/zephyr-sdk-0.17.0/arm-zephyr-eabi/bin/../lib/gcc/arm-zephyr-eabi/12.2.0/thumb/v7e-m/nofp" -lc -lgcc && cd /home/bobna/csse4011/project/sisyphus-red/build/zephyr && /usr/bin/cmake -E true
/home/bobna/zephyr_install/zephyr-sdk-0.17.0/arm-zephyr-eabi/bin/../lib/gcc/arm-zephyr-eabi/12.2.0/../../../../arm-zephyr-eabi/bin/ld.bfd: app/libapp.a(ultrasonic.c.obj): in function `initialise_bluetooth':
/home/bobna/csse4011/project/sisyphus-red/mycode/apps/mobile/src/ultrasonic.c:104: multiple definition of `initialise_bluetooth'; app/libapp.a(mouse.c.obj):/home/bobna/csse4011/project/sisyphus-red/mycode/apps/mobile/src/mouse.c:302: first defined here
collect2: error: ld returned 1 exit status
ninja: build stopped: subcommand failed.
